
7월 04, 2019 17:03:10.44 NEW SESSION
7월 04, 2019 17:03:10.44 [7968:1692:0704/170310.444:ERROR:http_bridge.cc(110)] NOT IMPLEMENTED
7월 04, 2019 17:03:11.77 [7968:13004:0704/170311.771:ERROR:browser_process_sub_thread.cc(221)] Waited 1222 ms for network service
7월 04, 2019 17:03:11.84 
7월 04, 2019 17:03:11.84 KLIB_SelfTest return : KLR_OK
7월 04, 2019 18:03:00.62 [3104:11432:0704/180300.618:ERROR:http_bridge.cc(110)] NOT IMPLEMENTED
7월 04, 2019 18:03:00.77 [3104:1648:0704/180300.776:ERROR:browser_process_sub_thread.cc(221)] Waited 35 ms for network service
7월 04, 2019 18:03:00.82 
7월 04, 2019 18:03:00.82 KLIB_SelfTest return : KLR_OK
7월 04, 2019 18:22:22.99 [10028:12100:0704/182222.990:ERROR:http_bridge.cc(110)] NOT IMPLEMENTED
7월 04, 2019 18:22:23.09 [10028:16352:0704/182223.093:ERROR:browser_process_sub_thread.cc(221)] Waited 40 ms for network service
7월 04, 2019 18:22:23.14 
7월 04, 2019 18:22:23.15 KLIB_SelfTest return : KLR_OK
7월 04, 2019 18:23:33.11 [16444:6884:0704/182333.118:ERROR:http_bridge.cc(110)] NOT IMPLEMENTED
7월 04, 2019 18:23:33.24 [16444:1684:0704/182333.247:ERROR:browser_process_sub_thread.cc(221)] Waited 39 ms for network service
7월 04, 2019 18:23:33.32 
7월 04, 2019 18:23:33.32 KLIB_SelfTest return : KLR_OK

7월 11, 2019 18:36:20.82 NEW SESSION
7월 11, 2019 18:36:20.82 [15324:10412:0711/183620.802:ERROR:http_bridge.cc(110)] NOT IMPLEMENTED
7월 11, 2019 18:36:20.91 [15324:7484:0711/183620.909:ERROR:browser_process_sub_thread.cc(221)] Waited 34 ms for network service
7월 11, 2019 18:36:20.95 
7월 11, 2019 18:36:20.96 KLIB_SelfTest return : KLR_OK

7월 15, 2019 24:22:13.33 NEW SESSION
7월 15, 2019 24:22:13.33 [16900:7016:0715/002213.330:ERROR:http_bridge.cc(110)] NOT IMPLEMENTED
7월 15, 2019 24:22:13.44 [16900:9080:0715/002213.442:ERROR:browser_process_sub_thread.cc(221)] Waited 32 ms for network service
7월 15, 2019 24:22:13.50 
7월 15, 2019 24:22:13.50 KLIB_SelfTest return : KLR_OK
7월 15, 2019 01:34:50.14 [16356:1196:0715/013450.144:ERROR:http_bridge.cc(110)] NOT IMPLEMENTED
7월 15, 2019 01:34:50.25 [16356:17272:0715/013450.255:ERROR:browser_process_sub_thread.cc(221)] Waited 34 ms for network service
7월 15, 2019 01:34:50.31 
7월 15, 2019 01:34:50.31 KLIB_SelfTest return : KLR_OK
7월 15, 2019 01:35:58.00 [3052:9048:0715/013558.003:ERROR:http_bridge.cc(110)] NOT IMPLEMENTED
7월 15, 2019 01:35:58.11 [3052:9188:0715/013558.114:ERROR:browser_process_sub_thread.cc(221)] Waited 33 ms for network service
7월 15, 2019 01:35:58.16 
7월 15, 2019 01:35:58.16 KLIB_SelfTest return : KLR_OK
7월 15, 2019 01:36:45.02 [14896:15440:0715/013645.028:ERROR:http_bridge.cc(110)] NOT IMPLEMENTED
7월 15, 2019 01:36:45.14 [14896:2100:0715/013645.140:ERROR:browser_process_sub_thread.cc(221)] Waited 36 ms for network service
7월 15, 2019 01:36:45.19 
7월 15, 2019 01:36:45.19 KLIB_SelfTest return : KLR_OK
7월 15, 2019 01:38:19.87 [308:2096:0715/013819.875:ERROR:http_bridge.cc(110)] NOT IMPLEMENTED
7월 15, 2019 01:38:19.97 [308:12984:0715/013819.976:ERROR:browser_process_sub_thread.cc(221)] Waited 36 ms for network service
7월 15, 2019 01:38:20.01 
7월 15, 2019 01:38:20.02 KLIB_SelfTest return : KLR_OK
7월 15, 2019 01:41:13.64 [656:14328:0715/014113.645:ERROR:http_bridge.cc(110)] NOT IMPLEMENTED
7월 15, 2019 01:41:13.75 [656:3272:0715/014113.753:ERROR:browser_process_sub_thread.cc(221)] Waited 39 ms for network service
7월 15, 2019 01:41:13.80 
7월 15, 2019 01:41:13.80 KLIB_SelfTest return : KLR_OK
7월 15, 2019 01:55:33.10 [1628:10748:0715/015533.101:ERROR:http_bridge.cc(110)] NOT IMPLEMENTED
7월 15, 2019 01:55:33.21 [1628:8176:0715/015533.217:ERROR:browser_process_sub_thread.cc(221)] Waited 47 ms for network service
7월 15, 2019 01:55:33.26 
7월 15, 2019 01:55:33.26 KLIB_SelfTest return : KLR_OK
7월 15, 2019 02:01:48.05 [15640:5728:0715/020148.057:ERROR:http_bridge.cc(110)] NOT IMPLEMENTED
7월 15, 2019 02:01:48.17 [15640:8812:0715/020148.173:ERROR:browser_process_sub_thread.cc(221)] Waited 32 ms for network service
7월 15, 2019 02:01:48.25 
7월 15, 2019 02:01:48.25 KLIB_SelfTest return : KLR_OK
7월 15, 2019 04:33:57.41 [9212:10936:0715/043357.410:ERROR:http_bridge.cc(110)] NOT IMPLEMENTED
7월 15, 2019 04:33:57.54 [9212:10588:0715/043357.544:ERROR:browser_process_sub_thread.cc(221)] Waited 43 ms for network service
7월 15, 2019 04:33:57.59 
7월 15, 2019 04:33:57.59 KLIB_SelfTest return : KLR_OK
7월 15, 2019 04:34:28.85 [10692:14660:0715/043428.858:ERROR:http_bridge.cc(110)] NOT IMPLEMENTED
7월 15, 2019 04:34:28.98 [10692:3060:0715/043428.985:ERROR:browser_process_sub_thread.cc(221)] Waited 40 ms for network service
7월 15, 2019 04:34:29.05 
7월 15, 2019 04:34:29.05 KLIB_SelfTest return : KLR_OK
7월 15, 2019 04:37:59.61 [6296:12788:0715/043759.615:ERROR:http_bridge.cc(110)] NOT IMPLEMENTED
7월 15, 2019 04:37:59.72 [6296:10316:0715/043759.728:ERROR:browser_process_sub_thread.cc(221)] Waited 40 ms for network service
7월 15, 2019 04:37:59.78 
7월 15, 2019 04:37:59.78 KLIB_SelfTest return : KLR_OK

7월 15, 2019 14:05:35.53 NEW SESSION
7월 15, 2019 14:05:35.55 [10844:11568:0715/140535.526:ERROR:http_bridge.cc(110)] NOT IMPLEMENTED
7월 15, 2019 14:05:35.68 [10844:708:0715/140535.680:ERROR:browser_process_sub_thread.cc(221)] Waited 41 ms for network service
7월 15, 2019 14:05:35.74 
7월 15, 2019 14:05:35.74 KLIB_SelfTest return : KLR_OK
7월 15, 2019 14:07:06.88 [200:11884:0715/140706.888:ERROR:http_bridge.cc(110)] NOT IMPLEMENTED
7월 15, 2019 14:07:07.05 [200:2452:0715/140707.051:ERROR:browser_process_sub_thread.cc(221)] Waited 73 ms for network service
7월 15, 2019 14:07:07.10 
7월 15, 2019 14:07:07.10 KLIB_SelfTest return : KLR_OK
7월 15, 2019 14:07:32.61 [4392:1208:0715/140732.610:ERROR:http_bridge.cc(110)] NOT IMPLEMENTED
7월 15, 2019 14:07:32.74 [4392:16860:0715/140732.748:ERROR:browser_process_sub_thread.cc(221)] Waited 52 ms for network service
7월 15, 2019 14:07:32.80 
7월 15, 2019 14:07:32.80 KLIB_SelfTest return : KLR_OK
7월 15, 2019 16:20:33.06 [10788:12488:0715/162033.064:ERROR:http_bridge.cc(110)] NOT IMPLEMENTED
7월 15, 2019 16:20:33.18 [10788:12140:0715/162033.180:ERROR:browser_process_sub_thread.cc(221)] Waited 44 ms for network service
7월 15, 2019 16:20:33.23 
7월 15, 2019 16:20:33.23 KLIB_SelfTest return : KLR_OK
7월 15, 2019 16:20:57.83 [6208:8184:0715/162057.832:ERROR:http_bridge.cc(110)] NOT IMPLEMENTED
7월 15, 2019 16:20:57.95 [6208:852:0715/162057.953:ERROR:browser_process_sub_thread.cc(221)] Waited 44 ms for network service
7월 15, 2019 16:20:57.99 
7월 15, 2019 16:20:57.99 KLIB_SelfTest return : KLR_OK
7월 15, 2019 16:30:26.35 [16880:15076:0715/163026.350:ERROR:http_bridge.cc(110)] NOT IMPLEMENTED
7월 15, 2019 16:30:26.45 [16880:4584:0715/163026.452:ERROR:browser_process_sub_thread.cc(221)] Waited 33 ms for network service
7월 15, 2019 16:30:26.49 
7월 15, 2019 16:30:26.49 KLIB_SelfTest return : KLR_OK
7월 15, 2019 16:52:15.32 [6964:12420:0715/165215.322:ERROR:http_bridge.cc(110)] NOT IMPLEMENTED
7월 15, 2019 16:52:15.47 [6964:7968:0715/165215.477:ERROR:browser_process_sub_thread.cc(221)] Waited 31 ms for network service
7월 15, 2019 16:52:15.52 
7월 15, 2019 16:52:15.52 KLIB_SelfTest return : KLR_OK
7월 15, 2019 16:52:43.60 [4140:3648:0715/165243.607:ERROR:http_bridge.cc(110)] NOT IMPLEMENTED
7월 15, 2019 16:52:43.71 [4140:17392:0715/165243.716:ERROR:browser_process_sub_thread.cc(221)] Waited 39 ms for network service
7월 15, 2019 16:52:43.76 
7월 15, 2019 16:52:43.76 KLIB_SelfTest return : KLR_OK
7월 15, 2019 16:54:01.07 [10032:14032:0715/165401.070:ERROR:http_bridge.cc(110)] NOT IMPLEMENTED
7월 15, 2019 16:54:01.18 [10032:15364:0715/165401.181:ERROR:browser_process_sub_thread.cc(221)] Waited 38 ms for network service
7월 15, 2019 16:54:01.24 
7월 15, 2019 16:54:01.24 KLIB_SelfTest return : KLR_OK
7월 15, 2019 18:11:12.29 [9700:10368:0715/181112.294:ERROR:http_bridge.cc(110)] NOT IMPLEMENTED
7월 15, 2019 18:11:12.43 [9700:1040:0715/181112.429:ERROR:browser_process_sub_thread.cc(221)] Waited 49 ms for network service
7월 15, 2019 18:11:12.50 
7월 15, 2019 18:11:12.51 KLIB_SelfTest return : KLR_OK
7월 15, 2019 18:23:34.01 [1420:1340:0715/182334.009:ERROR:http_bridge.cc(110)] NOT IMPLEMENTED
7월 15, 2019 18:23:34.13 [1420:4056:0715/182334.131:ERROR:browser_process_sub_thread.cc(221)] Waited 42 ms for network service
7월 15, 2019 18:23:34.19 
7월 15, 2019 18:23:34.19 KLIB_SelfTest return : KLR_OK

7월 16, 2019 17:54:49.38 NEW SESSION
7월 16, 2019 17:54:49.38 [16652:9468:0716/175449.375:ERROR:http_bridge.cc(110)] NOT IMPLEMENTED
7월 16, 2019 17:54:49.51 [16652:1528:0716/175449.515:ERROR:browser_process_sub_thread.cc(221)] Waited 33 ms for network service
7월 16, 2019 17:54:49.57 
7월 16, 2019 17:54:49.58 KLIB_SelfTest return : KLR_OK
7월 16, 2019 17:55:47.77 [11436:12316:0716/175547.775:ERROR:http_bridge.cc(110)] NOT IMPLEMENTED
7월 16, 2019 17:55:47.91 [11436:8148:0716/175547.914:ERROR:browser_process_sub_thread.cc(221)] Waited 39 ms for network service
7월 16, 2019 17:55:47.97 
7월 16, 2019 17:55:47.97 KLIB_SelfTest return : KLR_OK

7월 18, 2019 16:36:51.49 NEW SESSION
7월 18, 2019 16:36:51.49 [14880:3780:0718/163651.490:ERROR:http_bridge.cc(110)] NOT IMPLEMENTED
7월 18, 2019 16:36:51.63 [14880:10284:0718/163651.632:ERROR:browser_process_sub_thread.cc(221)] Waited 26 ms for network service
7월 18, 2019 16:36:51.70 
7월 18, 2019 16:36:51.70 KLIB_SelfTest return : KLR_OK
7월 18, 2019 16:37:37.87 [192:2864:0718/163737.875:ERROR:http_bridge.cc(110)] NOT IMPLEMENTED
7월 18, 2019 16:37:38.04 [192:14584:0718/163738.046:ERROR:browser_process_sub_thread.cc(221)] Waited 68 ms for network service
7월 18, 2019 16:37:38.10 
7월 18, 2019 16:37:38.11 KLIB_SelfTest return : KLR_OK
7월 18, 2019 16:39:03.96 [4624:1196:0718/163903.960:ERROR:http_bridge.cc(110)] NOT IMPLEMENTED
7월 18, 2019 16:39:04.09 [4624:6288:0718/163904.098:ERROR:browser_process_sub_thread.cc(221)] Waited 40 ms for network service
7월 18, 2019 16:39:04.15 
7월 18, 2019 16:39:04.15 KLIB_SelfTest return : KLR_OK

7월 18, 2019 17:37:38.26 NEW SESSION
7월 18, 2019 17:37:38.26 [15252:11120:0718/173738.246:ERROR:http_bridge.cc(110)] NOT IMPLEMENTED
7월 18, 2019 17:37:38.39 [15252:2708:0718/173738.390:ERROR:browser_process_sub_thread.cc(221)] Waited 29 ms for network service
7월 18, 2019 17:37:38.45 
7월 18, 2019 17:37:38.45 KLIB_SelfTest return : KLR_OK
7월 18, 2019 21:06:11.02 [15980:14600:0718/210611.024:ERROR:http_bridge.cc(110)] NOT IMPLEMENTED
7월 18, 2019 21:06:11.15 [15980:14752:0718/210611.154:ERROR:browser_process_sub_thread.cc(221)] Waited 36 ms for network service
7월 18, 2019 21:06:11.21 
7월 18, 2019 21:06:11.21 KLIB_SelfTest return : KLR_OK
7월 18, 2019 21:09:18.84 [16132:5640:0718/210918.841:ERROR:http_bridge.cc(110)] NOT IMPLEMENTED
7월 18, 2019 21:09:18.95 [16132:16112:0718/210918.953:ERROR:browser_process_sub_thread.cc(221)] Waited 30 ms for network service
7월 18, 2019 21:09:19.01 
7월 18, 2019 21:09:19.01 KLIB_SelfTest return : KLR_OK
7월 18, 2019 21:12:23.40 [3924:2832:0718/211223.405:ERROR:http_bridge.cc(110)] NOT IMPLEMENTED
7월 18, 2019 21:12:23.55 [3924:10444:0718/211223.555:ERROR:browser_process_sub_thread.cc(221)] Waited 64 ms for network service
7월 18, 2019 21:12:23.68 
7월 18, 2019 21:12:23.68 KLIB_SelfTest return : KLR_OK
7월 18, 2019 21:25:19.96 [9320:4112:0718/212519.969:ERROR:http_bridge.cc(110)] NOT IMPLEMENTED
7월 18, 2019 21:25:20.07 [9320:7604:0718/212520.073:ERROR:browser_process_sub_thread.cc(221)] Waited 32 ms for network service
7월 18, 2019 21:25:20.12 
7월 18, 2019 21:25:20.12 KLIB_SelfTest return : KLR_OK
7월 18, 2019 21:34:57.46 [7076:1048:0718/213457.462:ERROR:http_bridge.cc(110)] NOT IMPLEMENTED
7월 18, 2019 21:34:57.57 [7076:16092:0718/213457.572:ERROR:browser_process_sub_thread.cc(221)] Waited 45 ms for network service
7월 18, 2019 21:34:57.63 
7월 18, 2019 21:34:57.64 KLIB_SelfTest return : KLR_OK
7월 18, 2019 21:36:43.86 [15576:15996:0718/213643.865:ERROR:http_bridge.cc(110)] NOT IMPLEMENTED
7월 18, 2019 21:36:43.98 [15576:8412:0718/213643.979:ERROR:browser_process_sub_thread.cc(221)] Waited 34 ms for network service
7월 18, 2019 21:36:44.04 
7월 18, 2019 21:36:44.04 KLIB_SelfTest return : KLR_OK
7월 18, 2019 21:41:58.70 [7816:6008:0718/214158.704:ERROR:http_bridge.cc(110)] NOT IMPLEMENTED
7월 18, 2019 21:41:58.81 [7816:15896:0718/214158.814:ERROR:browser_process_sub_thread.cc(221)] Waited 37 ms for network service
7월 18, 2019 21:41:58.87 
7월 18, 2019 21:41:58.87 KLIB_SelfTest return : KLR_OK
7월 18, 2019 21:44:21.54 [15348:3924:0718/214421.543:ERROR:http_bridge.cc(110)] NOT IMPLEMENTED
7월 18, 2019 21:44:21.65 [15348:13100:0718/214421.651:ERROR:browser_process_sub_thread.cc(221)] Waited 36 ms for network service
7월 18, 2019 21:44:21.70 
7월 18, 2019 21:44:21.70 KLIB_SelfTest return : KLR_OK
7월 18, 2019 21:46:45.86 [15840:16148:0718/214645.868:ERROR:http_bridge.cc(110)] NOT IMPLEMENTED
7월 18, 2019 21:46:45.98 [15840:4304:0718/214645.981:ERROR:browser_process_sub_thread.cc(221)] Waited 39 ms for network service
7월 18, 2019 21:46:46.04 
7월 18, 2019 21:46:46.05 KLIB_SelfTest return : KLR_OK
7월 18, 2019 21:48:28.54 [7920:11472:0718/214828.543:ERROR:http_bridge.cc(110)] NOT IMPLEMENTED
7월 18, 2019 21:48:28.71 [7920:5628:0718/214828.713:ERROR:browser_process_sub_thread.cc(221)] Waited 28 ms for network service
7월 18, 2019 21:48:28.76 
7월 18, 2019 21:48:28.77 KLIB_SelfTest return : KLR_OK
7월 18, 2019 21:52:27.40 [9920:11104:0718/215227.406:ERROR:http_bridge.cc(110)] NOT IMPLEMENTED
7월 18, 2019 21:52:27.51 [9920:9716:0718/215227.517:ERROR:browser_process_sub_thread.cc(221)] Waited 36 ms for network service
7월 18, 2019 21:52:27.57 
7월 18, 2019 21:52:27.57 KLIB_SelfTest return : KLR_OK

7월 22, 2019 15:20:30.91 NEW SESSION
7월 22, 2019 15:20:30.91 [10288:11712:0722/152030.897:ERROR:http_bridge.cc(110)] NOT IMPLEMENTED
7월 22, 2019 15:20:31.04 [10288:10992:0722/152031.039:ERROR:browser_process_sub_thread.cc(221)] Waited 18 ms for network service
7월 22, 2019 15:20:31.12 
7월 22, 2019 15:20:31.12 KLIB_SelfTest return : KLR_OK
7월 22, 2019 16:56:41.46 [11796:15980:0722/165641.463:ERROR:http_bridge.cc(110)] NOT IMPLEMENTED
7월 22, 2019 16:56:41.56 [11796:14644:0722/165641.564:ERROR:browser_process_sub_thread.cc(221)] Waited 43 ms for network service
7월 22, 2019 16:56:41.64 
7월 22, 2019 16:56:41.64 KLIB_SelfTest return : KLR_OK
7월 22, 2019 16:57:31.95 [1776:5248:0722/165731.955:ERROR:http_bridge.cc(110)] NOT IMPLEMENTED
7월 22, 2019 16:57:32.05 [1776:4980:0722/165732.050:ERROR:browser_process_sub_thread.cc(221)] Waited 35 ms for network service
7월 22, 2019 16:57:32.10 
7월 22, 2019 16:57:32.10 KLIB_SelfTest return : KLR_OK
7월 22, 2019 17:03:16.99 [18200:9648:0722/170316.992:ERROR:http_bridge.cc(110)] NOT IMPLEMENTED
7월 22, 2019 17:03:17.08 [18200:6780:0722/170317.087:ERROR:browser_process_sub_thread.cc(221)] Waited 36 ms for network service
7월 22, 2019 17:03:17.14 
7월 22, 2019 17:03:17.14 KLIB_SelfTest return : KLR_OK
7월 22, 2019 17:13:08.55 [4052:12868:0722/171308.547:ERROR:http_bridge.cc(110)] NOT IMPLEMENTED
7월 22, 2019 17:13:08.70 [4052:3344:0722/171308.708:ERROR:browser_process_sub_thread.cc(221)] Waited 71 ms for network service
7월 22, 2019 17:13:08.81 
7월 22, 2019 17:13:08.81 KLIB_SelfTest return : KLR_OK
7월 22, 2019 17:24:26.15 [10232:17568:0722/172426.157:ERROR:http_bridge.cc(110)] NOT IMPLEMENTED
7월 22, 2019 17:24:26.23 [10232:15232:0722/172426.238:ERROR:browser_process_sub_thread.cc(221)] Waited 20 ms for network service
7월 22, 2019 17:24:26.30 
7월 22, 2019 17:24:26.30 KLIB_SelfTest return : KLR_OK
7월 22, 2019 17:24:53.19 [8672:8800:0722/172453.194:ERROR:http_bridge.cc(110)] NOT IMPLEMENTED
7월 22, 2019 17:24:53.30 [8672:4744:0722/172453.301:ERROR:browser_process_sub_thread.cc(221)] Waited 34 ms for network service
7월 22, 2019 17:24:53.36 
7월 22, 2019 17:24:53.36 KLIB_SelfTest return : KLR_OK
7월 22, 2019 17:26:11.85 [15064:18332:0722/172611.856:ERROR:http_bridge.cc(110)] NOT IMPLEMENTED
7월 22, 2019 17:26:11.98 [15064:8452:0722/172611.987:ERROR:browser_process_sub_thread.cc(221)] Waited 46 ms for network service
7월 22, 2019 17:26:12.04 
7월 22, 2019 17:26:12.04 KLIB_SelfTest return : KLR_OK
7월 22, 2019 17:28:17.59 [12888:8432:0722/172817.597:ERROR:http_bridge.cc(110)] NOT IMPLEMENTED
7월 22, 2019 17:28:17.71 [12888:9396:0722/172817.716:ERROR:browser_process_sub_thread.cc(221)] Waited 49 ms for network service
7월 22, 2019 17:28:17.78 
7월 22, 2019 17:28:17.78 KLIB_SelfTest return : KLR_OK
7월 22, 2019 17:34:22.13 [6584:18212:0722/173422.136:ERROR:http_bridge.cc(110)] NOT IMPLEMENTED
7월 22, 2019 17:34:22.37 [6584:13780:0722/173422.377:ERROR:browser_process_sub_thread.cc(221)] Waited 32 ms for network service
7월 22, 2019 17:34:22.45 
7월 22, 2019 17:34:22.45 KLIB_SelfTest return : KLR_OK
7월 22, 2019 17:40:19.02 [5284:18408:0722/174019.023:ERROR:http_bridge.cc(110)] NOT IMPLEMENTED
7월 22, 2019 17:40:19.11 [5284:17660:0722/174019.114:ERROR:browser_process_sub_thread.cc(221)] Waited 26 ms for network service
7월 22, 2019 17:40:19.17 
7월 22, 2019 17:40:19.17 KLIB_SelfTest return : KLR_OK
7월 22, 2019 17:48:25.42 [10612:9572:0722/174825.424:ERROR:http_bridge.cc(110)] NOT IMPLEMENTED
7월 22, 2019 17:48:25.53 [10612:4216:0722/174825.530:ERROR:browser_process_sub_thread.cc(221)] Waited 35 ms for network service
7월 22, 2019 17:48:25.59 
7월 22, 2019 17:48:25.59 KLIB_SelfTest return : KLR_OK
7월 22, 2019 17:50:02.60 [18112:8524:0722/175002.601:ERROR:http_bridge.cc(110)] NOT IMPLEMENTED
7월 22, 2019 17:50:02.70 [18112:14220:0722/175002.704:ERROR:browser_process_sub_thread.cc(221)] Waited 28 ms for network service
7월 22, 2019 17:50:02.76 
7월 22, 2019 17:50:02.76 KLIB_SelfTest return : KLR_OK
7월 22, 2019 17:53:42.76 [5464:1676:0722/175342.762:ERROR:http_bridge.cc(110)] NOT IMPLEMENTED
7월 22, 2019 17:53:42.88 [5464:14312:0722/175342.883:ERROR:browser_process_sub_thread.cc(221)] Waited 45 ms for network service
7월 22, 2019 17:53:42.94 
7월 22, 2019 17:53:42.94 KLIB_SelfTest return : KLR_OK
7월 22, 2019 17:56:46.24 [14472:12740:0722/175646.241:ERROR:http_bridge.cc(110)] NOT IMPLEMENTED
7월 22, 2019 17:56:46.33 [14472:1076:0722/175646.330:ERROR:browser_process_sub_thread.cc(221)] Waited 33 ms for network service
7월 22, 2019 17:56:46.37 
7월 22, 2019 17:56:46.37 KLIB_SelfTest return : KLR_OK
7월 22, 2019 18:00:25.75 [15540:14976:0722/180025.755:ERROR:http_bridge.cc(110)] NOT IMPLEMENTED
7월 22, 2019 18:00:25.85 [15540:16848:0722/180025.850:ERROR:browser_process_sub_thread.cc(221)] Waited 36 ms for network service
7월 22, 2019 18:00:25.90 
7월 22, 2019 18:00:25.90 KLIB_SelfTest return : KLR_OK
7월 22, 2019 18:08:55.12 [16960:4800:0722/180855.125:ERROR:http_bridge.cc(110)] NOT IMPLEMENTED
7월 22, 2019 18:08:55.21 [16960:15688:0722/180855.215:ERROR:browser_process_sub_thread.cc(221)] Waited 36 ms for network service
7월 22, 2019 18:08:55.27 
7월 22, 2019 18:08:55.27 KLIB_SelfTest return : KLR_OK
7월 22, 2019 18:27:05.16 [17200:7172:0722/182705.165:ERROR:http_bridge.cc(110)] NOT IMPLEMENTED
7월 22, 2019 18:27:05.24 [17200:13260:0722/182705.245:ERROR:browser_process_sub_thread.cc(221)] Waited 19 ms for network service
7월 22, 2019 18:27:05.32 
7월 22, 2019 18:27:05.32 KLIB_SelfTest return : KLR_OK

7월 23, 2019 15:03:06.05 NEW SESSION
7월 23, 2019 15:03:06.05 [16480:9488:0723/150306.051:ERROR:http_bridge.cc(110)] NOT IMPLEMENTED
7월 23, 2019 15:03:06.17 [16480:15756:0723/150306.172:ERROR:browser_process_sub_thread.cc(221)] Waited 39 ms for network service
7월 23, 2019 15:03:06.24 
7월 23, 2019 15:03:06.24 KLIB_SelfTest return : KLR_OK
7월 23, 2019 15:03:53.82 [5048:1832:0723/150353.825:ERROR:http_bridge.cc(110)] NOT IMPLEMENTED
7월 23, 2019 15:03:53.94 [5048:9476:0723/150353.943:ERROR:browser_process_sub_thread.cc(221)] Waited 40 ms for network service
7월 23, 2019 15:03:53.99 
7월 23, 2019 15:03:54.00 KLIB_SelfTest return : KLR_OK
7월 23, 2019 15:04:35.76 [15168:4720:0723/150435.762:ERROR:http_bridge.cc(110)] NOT IMPLEMENTED
7월 23, 2019 15:04:35.87 [15168:8748:0723/150435.879:ERROR:browser_process_sub_thread.cc(221)] Waited 38 ms for network service
7월 23, 2019 15:04:35.93 
7월 23, 2019 15:04:35.93 KLIB_SelfTest return : KLR_OK

7월 23, 2019 15:06:54.25 NEW SESSION
7월 23, 2019 15:06:54.26 [2948:14316:0723/150654.257:ERROR:http_bridge.cc(110)] NOT IMPLEMENTED
7월 23, 2019 15:06:54.46 [2948:2064:0723/150654.468:ERROR:browser_process_sub_thread.cc(221)] Waited 41 ms for network service
7월 23, 2019 15:06:54.52 
7월 23, 2019 15:06:54.52 KLIB_SelfTest return : KLR_OK
7월 23, 2019 15:24:03.29 [9116:14708:0723/152403.289:ERROR:http_bridge.cc(110)] NOT IMPLEMENTED
7월 23, 2019 15:24:04.28 [9116:13820:0723/152404.283:ERROR:browser_process_sub_thread.cc(221)] Waited 184 ms for network service
7월 23, 2019 15:24:14.60 [15152:168:0723/152414.606:ERROR:http_bridge.cc(110)] NOT IMPLEMENTED
7월 23, 2019 15:24:14.73 [15152:3904:0723/152414.729:ERROR:browser_process_sub_thread.cc(221)] Waited 38 ms for network service
7월 23, 2019 15:24:14.78 
7월 23, 2019 15:24:14.78 KLIB_SelfTest return : KLR_OK
7월 23, 2019 15:24:26.79 [2288:7376:0723/152426.790:ERROR:http_bridge.cc(110)] NOT IMPLEMENTED
7월 23, 2019 15:24:27.02 [2288:17732:0723/152427.023:ERROR:browser_process_sub_thread.cc(221)] Waited 76 ms for network service
7월 23, 2019 15:24:27.07 
7월 23, 2019 15:24:27.07 KLIB_SelfTest return : KLR_OK
7월 23, 2019 15:37:03.66 [8396:10872:0723/153703.558:ERROR:http_bridge.cc(110)] NOT IMPLEMENTED
7월 23, 2019 15:37:03.77 [8396:15240:0723/153703.770:ERROR:browser_process_sub_thread.cc(221)] Waited 30 ms for network service
7월 23, 2019 15:37:03.82 
7월 23, 2019 15:37:03.82 KLIB_SelfTest return : KLR_OK
7월 23, 2019 18:42:38.57 [4920:16508:0723/184238.573:ERROR:connection_factory_impl.cc(413)] Failed to connect to MCS endpoint with error -106
7월 23, 2019 19:17:36.95 [4920:16568:0723/191736.958:ERROR:http_bridge.cc(110)] NOT IMPLEMENTED
7월 23, 2019 19:17:37.16 [4920:16508:0723/191737.168:ERROR:browser_process_sub_thread.cc(221)] Waited 28 ms for network service
7월 23, 2019 19:17:37.24 
7월 23, 2019 19:17:37.24 KLIB_SelfTest return : KLR_OK

7월 25, 2019 12:10:43.34 NEW SESSION
7월 25, 2019 12:10:43.34 [868:13604:0725/121043.337:ERROR:http_bridge.cc(110)] NOT IMPLEMENTED
7월 25, 2019 12:10:43.47 [868:4380:0725/121043.470:ERROR:browser_process_sub_thread.cc(221)] Waited 42 ms for network service
7월 25, 2019 12:10:43.57 
7월 25, 2019 12:10:43.57 KLIB_SelfTest return : KLR_OK
